<?xml version="1.0" encoding="UTF-8"?>
<testsuite xmlns:xsi="http://www.w3.org/2001/XMLSchema-instance" xsi:noNamespaceSchemaLocation="https://maven.apache.org/surefire/maven-surefire-plugin/xsd/surefire-test-report-3.0.xsd" version="3.0" name="com.mountain.caves.quickchatapp.TestSuite" time="0.149" tests="4" errors="0" skipped="0" failures="0">
  <properties>
    <property name="java.specification.version" value="23"/>
    <property name="sun.jnu.encoding" value="UTF-8"/>
    <property name="java.class.path" value="/Users/devopsengineer/NetBeansProjects/QuickChatApp/target/test-classes:/Users/devopsengineer/NetBeansProjects/QuickChatApp/target/classes:/Users/devopsengineer/.m2/repository/com/google/code/gson/gson/2.10.1/gson-2.10.1.jar:/Users/devopsengineer/.m2/repository/junit/junit/4.13.2/junit-4.13.2.jar:/Users/devopsengineer/.m2/repository/org/hamcrest/hamcrest-core/1.3/hamcrest-core-1.3.jar:"/>
    <property name="java.vm.vendor" value="Amazon.com Inc."/>
    <property name="sun.arch.data.model" value="64"/>
    <property name="java.vendor.url" value="https://aws.amazon.com/corretto/"/>
    <property name="os.name" value="Mac OS X"/>
    <property name="java.vm.specification.version" value="23"/>
    <property name="user.country" value="US"/>
    <property name="sun.java.launcher" value="SUN_STANDARD"/>
    <property name="sun.boot.library.path" value="/Library/Java/JavaVirtualMachines/amazon-corretto-23.jdk/Contents/Home/lib"/>
    <property name="sun.java.command" value="/Users/devopsengineer/NetBeansProjects/QuickChatApp/target/surefire/surefirebooter-20250527000703587_3.jar /Users/devopsengineer/NetBeansProjects/QuickChatApp/target/surefire 2025-05-27T00-07-03_485-jvmRun1 surefire-20250527000703587_1tmp surefire_0-20250527000703587_2tmp"/>
    <property name="http.nonProxyHosts" value="local|*.local|169.254/16|*.169.254/16"/>
    <property name="jdk.debug" value="release"/>
    <property name="surefire.test.class.path" value="/Users/devopsengineer/NetBeansProjects/QuickChatApp/target/test-classes:/Users/devopsengineer/NetBeansProjects/QuickChatApp/target/classes:/Users/devopsengineer/.m2/repository/com/google/code/gson/gson/2.10.1/gson-2.10.1.jar:/Users/devopsengineer/.m2/repository/junit/junit/4.13.2/junit-4.13.2.jar:/Users/devopsengineer/.m2/repository/org/hamcrest/hamcrest-core/1.3/hamcrest-core-1.3.jar:"/>
    <property name="sun.cpu.endian" value="little"/>
    <property name="user.home" value="/Users/devopsengineer"/>
    <property name="user.language" value="en"/>
    <property name="java.specification.vendor" value="Oracle Corporation"/>
    <property name="java.version.date" value="2024-10-15"/>
    <property name="java.home" value="/Library/Java/JavaVirtualMachines/amazon-corretto-23.jdk/Contents/Home"/>
    <property name="file.separator" value="/"/>
    <property name="basedir" value="/Users/devopsengineer/NetBeansProjects/QuickChatApp"/>
    <property name="java.vm.compressedOopsMode" value="Zero based"/>
    <property name="line.separator" value="&#10;"/>
    <property name="java.vm.specification.vendor" value="Oracle Corporation"/>
    <property name="java.specification.name" value="Java Platform API Specification"/>
    <property name="apple.awt.application.name" value="ForkedBooter"/>
    <property name="surefire.real.class.path" value="/Users/devopsengineer/NetBeansProjects/QuickChatApp/target/surefire/surefirebooter-20250527000703587_3.jar"/>
    <property name="sun.management.compiler" value="HotSpot 64-Bit Tiered Compilers"/>
    <property name="ftp.nonProxyHosts" value="local|*.local|169.254/16|*.169.254/16"/>
    <property name="java.runtime.version" value="23.0.1+8-FR"/>
    <property name="user.name" value="devopsengineer"/>
    <property name="stdout.encoding" value="UTF-8"/>
    <property name="path.separator" value=":"/>
    <property name="os.version" value="15.4.1"/>
    <property name="java.runtime.name" value="OpenJDK Runtime Environment"/>
    <property name="file.encoding" value="UTF-8"/>
    <property name="java.vm.name" value="OpenJDK 64-Bit Server VM"/>
    <property name="java.vendor.version" value="Corretto-23.0.1.8.1"/>
    <property name="maven.ext.class.path" value="/Applications/Apache NetBeans.app/Contents/Resources/netbeans/java/maven-nblib/netbeans-eventspy.jar"/>
    <property name="localRepository" value="/Users/devopsengineer/.m2/repository"/>
    <property name="java.vendor.url.bug" value="https://github.com/corretto/corretto-23/issues/"/>
    <property name="java.io.tmpdir" value="/var/folders/6l/tqxnjx9s5p14y2kn04vyblyh0000gn/T/"/>
    <property name="java.version" value="23.0.1"/>
    <property name="user.dir" value="/Users/devopsengineer/NetBeansProjects/QuickChatApp"/>
    <property name="os.arch" value="x86_64"/>
    <property name="java.vm.specification.name" value="Java Virtual Machine Specification"/>
    <property name="native.encoding" value="UTF-8"/>
    <property name="java.library.path" value="/Users/devopsengineer/Library/Java/Extensions:/Library/Java/Extensions:/Network/Library/Java/Extensions:/System/Library/Java/Extensions:/usr/lib/java:."/>
    <property name="java.vm.info" value="mixed mode, sharing"/>
    <property name="stderr.encoding" value="UTF-8"/>
    <property name="java.vendor" value="Amazon.com Inc."/>
    <property name="java.vm.version" value="23.0.1+8-FR"/>
    <property name="sun.io.unicode.encoding" value="UnicodeBig"/>
    <property name="socksNonProxyHosts" value="local|*.local|169.254/16|*.169.254/16"/>
    <property name="java.class.version" value="67.0"/>
  </properties>
  <testcase name="testMessageCreation" classname="com.mountain.caves.quickchatapp.TestSuite" time="0.033"/>
  <testcase name="testJsonSerialization" classname="com.mountain.caves.quickchatapp.TestSuite" time="0.049"/>
  <testcase name="testMessageValidation" classname="com.mountain.caves.quickchatapp.TestSuite" time="0.001"/>
  <testcase name="testHashGeneration" classname="com.mountain.caves.quickchatapp.TestSuite" time="0.001"/>
</testsuite>